{"C:\\Users\\dusha\\OneDrive\\Рабочий стол\\REACT_SKILLBOX\\src\\client\\index.tsx": {"path":"C:\\Users\\dusha\\OneDrive\\Рабочий стол\\REACT_SKILLBOX\\src\\client\\index.tsx","statementMap":{"0":{"start":{"line":1,"column":0},"end":{"line":1,"column":26}},"1":{"start":{"line":2,"column":0},"end":{"line":2,"column":33}},"2":{"start":{"line":3,"column":0},"end":{"line":3,"column":32}},"3":{"start":{"line":5,"column":0},"end":{"line":7,"column":3}},"4":{"start":{"line":6,"column":4},"end":{"line":6,"column":63}}},"fnMap":{"0":{"name":"(anonymous_1)","decl":{"start":{"line":5,"column":32},"end":{"line":5,"column":null}},"loc":{"start":{"line":5,"column":32},"end":{"line":7,"column":1}}}},"branchMap":{},"s":{"0":0,"1":0,"2":0,"3":0,"4":0},"f":{"0":0},"b":{}}
,"C:\\Users\\dusha\\OneDrive\\Рабочий стол\\REACT_SKILLBOX\\src\\server\\indexTemplate.ts": {"path":"C:\\Users\\dusha\\OneDrive\\Рабочий стол\\REACT_SKILLBOX\\src\\server\\indexTemplate.ts","statementMap":{"0":{"start":{"line":1,"column":22},"end":{"line":1,"column":null}},"1":{"start":{"line":1,"column":51},"end":{"line":15,"column":2}},"2":{"start":{"line":17,"column":0},"end":{"line":17,"column":29}}},"fnMap":{"0":{"name":"(anonymous_0)","decl":{"start":{"line":1,"column":22},"end":{"line":1,"column":23}},"loc":{"start":{"line":1,"column":38},"end":{"line":1,"column":null}}}},"branchMap":{},"s":{"0":0,"1":0,"2":0},"f":{"0":0},"b":{}}
,"C:\\Users\\dusha\\OneDrive\\Рабочий стол\\REACT_SKILLBOX\\src\\server\\server.ts": {"path":"C:\\Users\\dusha\\OneDrive\\Рабочий стол\\REACT_SKILLBOX\\src\\server\\server.ts","statementMap":{"0":{"start":{"line":1,"column":0},"end":{"line":1,"column":30}},"1":{"start":{"line":2,"column":0},"end":{"line":2,"column":40}},"2":{"start":{"line":3,"column":0},"end":{"line":3,"column":32}},"3":{"start":{"line":4,"column":0},"end":{"line":4,"column":44}},"4":{"start":{"line":6,"column":12},"end":{"line":6,"column":21}},"5":{"start":{"line":8,"column":0},"end":{"line":8,"column":50}},"6":{"start":{"line":10,"column":0},"end":{"line":12,"column":3}},"7":{"start":{"line":11,"column":4},"end":{"line":11,"column":60}},"8":{"start":{"line":14,"column":0},"end":{"line":17,"column":3}},"9":{"start":{"line":16,"column":4},"end":{"line":16,"column":59}}},"fnMap":{"0":{"name":"(anonymous_1)","decl":{"start":{"line":10,"column":13},"end":{"line":10,"column":14}},"loc":{"start":{"line":10,"column":23},"end":{"line":12,"column":1}}},"1":{"name":"(anonymous_2)","decl":{"start":{"line":14,"column":17},"end":{"line":14,"column":null}},"loc":{"start":{"line":14,"column":17},"end":{"line":17,"column":1}}}},"branchMap":{},"s":{"0":0,"1":0,"2":0,"3":0,"4":0,"5":0,"6":0,"7":0,"8":0,"9":0},"f":{"0":0,"1":0},"b":{}}
,"C:\\Users\\dusha\\OneDrive\\Рабочий стол\\REACT_SKILLBOX\\src\\shared\\App.tsx": {"path":"C:\\Users\\dusha\\OneDrive\\Рабочий стол\\REACT_SKILLBOX\\src\\shared\\App.tsx","statementMap":{"0":{"start":{"line":1,"column":0},"end":{"line":1,"column":26}},"1":{"start":{"line":2,"column":0},"end":{"line":2,"column":44}},"2":{"start":{"line":3,"column":0},"end":{"line":3,"column":34}},"3":{"start":{"line":4,"column":0},"end":{"line":4,"column":32}},"4":{"start":{"line":5,"column":0},"end":{"line":5,"column":30}},"5":{"start":{"line":6,"column":0},"end":{"line":6,"column":30}},"6":{"start":{"line":7,"column":0},"end":{"line":7,"column":27}},"7":{"start":{"line":10,"column":4},"end":{"line":17,"column":6}},"8":{"start":{"line":20,"column":0},"end":{"line":20,"column":24}}},"fnMap":{"0":{"name":"App","decl":{"start":{"line":9,"column":9},"end":{"line":9,"column":12}},"loc":{"start":{"line":9,"column":12},"end":{"line":18,"column":1}}}},"branchMap":{},"s":{"0":0,"1":0,"2":0,"3":0,"4":0,"5":0,"6":0,"7":0,"8":0},"f":{"0":0},"b":{}}
,"C:\\Users\\dusha\\OneDrive\\Рабочий стол\\REACT_SKILLBOX\\src\\shared\\BaseStyledList\\BaseStyledList.tsx": {"path":"C:\\Users\\dusha\\OneDrive\\Рабочий стол\\REACT_SKILLBOX\\src\\shared\\BaseStyledList\\BaseStyledList.tsx","statementMap":{"0":{"start":{"line":1,"column":0},"end":{"line":1,"column":26}},"1":{"start":{"line":2,"column":0},"end":{"line":2,"column":39}},"2":{"start":{"line":3,"column":0},"end":{"line":3,"column":42}},"3":{"start":{"line":13,"column":45},"end":{"line":13,"column":54}},"4":{"start":{"line":14,"column":4},"end":{"line":28,"column":6}},"5":{"start":{"line":17,"column":31},"end":{"line":17,"column":33}},"6":{"start":{"line":17,"column":37},"end":{"line":17,"column":39}},"7":{"start":{"line":17,"column":43},"end":{"line":17,"column":45}},"8":{"start":{"line":17,"column":50},"end":{"line":22,"column":18}},"9":{"start":{"line":13,"column":0},"end":{"line":13,"column":24}}},"fnMap":{"0":{"name":"BaseStyledList","decl":{"start":{"line":13,"column":24},"end":{"line":13,"column":38}},"loc":{"start":{"line":13,"column":54},"end":{"line":29,"column":1}}},"1":{"name":"(anonymous_8)","decl":{"start":{"line":17,"column":26},"end":{"line":17,"column":27}},"loc":{"start":{"line":17,"column":45},"end":{"line":17,"column":null}}}},"branchMap":{},"s":{"0":4,"1":4,"2":4,"3":2,"4":2,"5":10,"6":10,"7":10,"8":10,"9":4},"f":{"0":2,"1":10},"b":{}}
,"C:\\Users\\dusha\\OneDrive\\Рабочий стол\\REACT_SKILLBOX\\src\\shared\\BaseStyledList\\index.ts": {"path":"C:\\Users\\dusha\\OneDrive\\Рабочий стол\\REACT_SKILLBOX\\src\\shared\\BaseStyledList\\index.ts","statementMap":{"0":{"start":{"line":1,"column":0},"end":{"line":1,"column":9}},"1":{"start":{"line":1,"column":9},"end":{"line":1,"column":43}}},"fnMap":{"0":{"name":"(anonymous_1)","decl":{"start":{"line":1,"column":9},"end":{"line":1,"column":16}},"loc":{"start":{"line":1,"column":9},"end":{"line":1,"column":43}}}},"branchMap":{},"s":{"0":3,"1":7},"f":{"0":4},"b":{}}
,"C:\\Users\\dusha\\OneDrive\\Рабочий стол\\REACT_SKILLBOX\\src\\shared\\CardList\\CardsList.tsx": {"path":"C:\\Users\\dusha\\OneDrive\\Рабочий стол\\REACT_SKILLBOX\\src\\shared\\CardList\\CardsList.tsx","statementMap":{"0":{"start":{"line":1,"column":0},"end":{"line":1,"column":26}},"1":{"start":{"line":2,"column":0},"end":{"line":2,"column":26}},"2":{"start":{"line":3,"column":0},"end":{"line":3,"column":37}},"3":{"start":{"line":6,"column":4},"end":{"line":10,"column":6}},"4":{"start":{"line":5,"column":0},"end":{"line":5,"column":24}}},"fnMap":{"0":{"name":"CardsList","decl":{"start":{"line":5,"column":24},"end":{"line":5,"column":33}},"loc":{"start":{"line":5,"column":33},"end":{"line":11,"column":1}}}},"branchMap":{},"s":{"0":1,"1":1,"2":1,"3":1,"4":1},"f":{"0":1},"b":{}}
,"C:\\Users\\dusha\\OneDrive\\Рабочий стол\\REACT_SKILLBOX\\src\\shared\\CardList\\index.ts": {"path":"C:\\Users\\dusha\\OneDrive\\Рабочий стол\\REACT_SKILLBOX\\src\\shared\\CardList\\index.ts","statementMap":{"0":{"start":{"line":1,"column":0},"end":{"line":1,"column":9}},"1":{"start":{"line":1,"column":9},"end":{"line":1,"column":38}}},"fnMap":{"0":{"name":"(anonymous_1)","decl":{"start":{"line":1,"column":9},"end":{"line":1,"column":16}},"loc":{"start":{"line":1,"column":9},"end":{"line":1,"column":38}}}},"branchMap":{},"s":{"0":0,"1":0},"f":{"0":0},"b":{}}
,"C:\\Users\\dusha\\OneDrive\\Рабочий стол\\REACT_SKILLBOX\\src\\shared\\CardList\\Card\\Card.tsx": {"path":"C:\\Users\\dusha\\OneDrive\\Рабочий стол\\REACT_SKILLBOX\\src\\shared\\CardList\\Card\\Card.tsx","statementMap":{"0":{"start":{"line":1,"column":0},"end":{"line":1,"column":26}},"1":{"start":{"line":2,"column":0},"end":{"line":2,"column":32}},"2":{"start":{"line":3,"column":0},"end":{"line":3,"column":42}},"3":{"start":{"line":4,"column":0},"end":{"line":4,"column":42}},"4":{"start":{"line":5,"column":0},"end":{"line":5,"column":32}},"5":{"start":{"line":6,"column":0},"end":{"line":6,"column":36}},"6":{"start":{"line":9,"column":4},"end":{"line":16,"column":6}},"7":{"start":{"line":8,"column":0},"end":{"line":8,"column":24}}},"fnMap":{"0":{"name":"Card","decl":{"start":{"line":8,"column":24},"end":{"line":8,"column":28}},"loc":{"start":{"line":8,"column":28},"end":{"line":17,"column":1}}}},"branchMap":{},"s":{"0":2,"1":2,"2":2,"3":2,"4":2,"5":2,"6":2,"7":2},"f":{"0":2},"b":{}}
,"C:\\Users\\dusha\\OneDrive\\Рабочий стол\\REACT_SKILLBOX\\src\\shared\\CardList\\Card\\index.ts": {"path":"C:\\Users\\dusha\\OneDrive\\Рабочий стол\\REACT_SKILLBOX\\src\\shared\\CardList\\Card\\index.ts","statementMap":{"0":{"start":{"line":1,"column":0},"end":{"line":1,"column":9}},"1":{"start":{"line":1,"column":9},"end":{"line":1,"column":33}}},"fnMap":{"0":{"name":"(anonymous_1)","decl":{"start":{"line":1,"column":9},"end":{"line":1,"column":16}},"loc":{"start":{"line":1,"column":9},"end":{"line":1,"column":33}}}},"branchMap":{},"s":{"0":1,"1":2},"f":{"0":1},"b":{}}
,"C:\\Users\\dusha\\OneDrive\\Рабочий стол\\REACT_SKILLBOX\\src\\shared\\CardList\\Card\\CardDropdown\\CardDropdown.tsx": {"path":"C:\\Users\\dusha\\OneDrive\\Рабочий стол\\REACT_SKILLBOX\\src\\shared\\CardList\\Card\\CardDropdown\\CardDropdown.tsx","statementMap":{"0":{"start":{"line":1,"column":0},"end":{"line":1,"column":26}},"1":{"start":{"line":2,"column":0},"end":{"line":2,"column":53}},"2":{"start":{"line":3,"column":0},"end":{"line":3,"column":41}},"3":{"start":{"line":4,"column":0},"end":{"line":4,"column":45}},"4":{"start":{"line":5,"column":0},"end":{"line":5,"column":40}},"5":{"start":{"line":6,"column":0},"end":{"line":6,"column":42}},"6":{"start":{"line":9,"column":4},"end":{"line":24,"column":6}},"7":{"start":{"line":8,"column":0},"end":{"line":8,"column":24}}},"fnMap":{"0":{"name":"CardDropdown","decl":{"start":{"line":8,"column":24},"end":{"line":8,"column":36}},"loc":{"start":{"line":8,"column":36},"end":{"line":25,"column":1}}}},"branchMap":{},"s":{"0":3,"1":3,"2":3,"3":3,"4":3,"5":3,"6":4,"7":3},"f":{"0":4},"b":{}}
,"C:\\Users\\dusha\\OneDrive\\Рабочий стол\\REACT_SKILLBOX\\src\\shared\\CardList\\Card\\CardDropdown\\dropdownList.tsx": {"path":"C:\\Users\\dusha\\OneDrive\\Рабочий стол\\REACT_SKILLBOX\\src\\shared\\CardList\\Card\\CardDropdown\\dropdownList.tsx","statementMap":{"0":{"start":{"line":1,"column":0},"end":{"line":1,"column":50}},"1":{"start":{"line":3,"column":21},"end":{"line":9,"column":15}},"2":{"start":{"line":11,"column":0},"end":{"line":11,"column":28}}},"fnMap":{},"branchMap":{},"s":{"0":4,"1":4,"2":4},"f":{},"b":{}}
,"C:\\Users\\dusha\\OneDrive\\Рабочий стол\\REACT_SKILLBOX\\src\\shared\\CardList\\Card\\CardDropdown\\index.ts": {"path":"C:\\Users\\dusha\\OneDrive\\Рабочий стол\\REACT_SKILLBOX\\src\\shared\\CardList\\Card\\CardDropdown\\index.ts","statementMap":{"0":{"start":{"line":1,"column":0},"end":{"line":1,"column":9}},"1":{"start":{"line":1,"column":9},"end":{"line":1,"column":41}}},"fnMap":{"0":{"name":"(anonymous_1)","decl":{"start":{"line":1,"column":9},"end":{"line":1,"column":16}},"loc":{"start":{"line":1,"column":9},"end":{"line":1,"column":41}}}},"branchMap":{},"s":{"0":2,"1":4},"f":{"0":2},"b":{}}
,"C:\\Users\\dusha\\OneDrive\\Рабочий стол\\REACT_SKILLBOX\\src\\shared\\CardList\\Card\\ControlBlock\\ControlBlock.tsx": {"path":"C:\\Users\\dusha\\OneDrive\\Рабочий стол\\REACT_SKILLBOX\\src\\shared\\CardList\\Card\\ControlBlock\\ControlBlock.tsx","statementMap":{"0":{"start":{"line":1,"column":0},"end":{"line":1,"column":26}},"1":{"start":{"line":2,"column":0},"end":{"line":2,"column":45}},"2":{"start":{"line":3,"column":0},"end":{"line":3,"column":40}},"3":{"start":{"line":6,"column":4},"end":{"line":40,"column":6}},"4":{"start":{"line":5,"column":0},"end":{"line":5,"column":24}}},"fnMap":{"0":{"name":"ControlBlock","decl":{"start":{"line":5,"column":24},"end":{"line":5,"column":36}},"loc":{"start":{"line":5,"column":36},"end":{"line":41,"column":1}}}},"branchMap":{},"s":{"0":3,"1":3,"2":3,"3":3,"4":3},"f":{"0":3},"b":{}}
,"C:\\Users\\dusha\\OneDrive\\Рабочий стол\\REACT_SKILLBOX\\src\\shared\\CardList\\Card\\ControlBlock\\index.ts": {"path":"C:\\Users\\dusha\\OneDrive\\Рабочий стол\\REACT_SKILLBOX\\src\\shared\\CardList\\Card\\ControlBlock\\index.ts","statementMap":{"0":{"start":{"line":1,"column":0},"end":{"line":1,"column":9}},"1":{"start":{"line":1,"column":9},"end":{"line":1,"column":41}}},"fnMap":{"0":{"name":"(anonymous_1)","decl":{"start":{"line":1,"column":9},"end":{"line":1,"column":16}},"loc":{"start":{"line":1,"column":9},"end":{"line":1,"column":41}}}},"branchMap":{},"s":{"0":2,"1":4},"f":{"0":2},"b":{}}
,"C:\\Users\\dusha\\OneDrive\\Рабочий стол\\REACT_SKILLBOX\\src\\shared\\CardList\\Card\\Preview\\Preview.tsx": {"path":"C:\\Users\\dusha\\OneDrive\\Рабочий стол\\REACT_SKILLBOX\\src\\shared\\CardList\\Card\\Preview\\Preview.tsx","statementMap":{"0":{"start":{"line":1,"column":0},"end":{"line":1,"column":26}},"1":{"start":{"line":2,"column":0},"end":{"line":2,"column":35}},"2":{"start":{"line":5,"column":4},"end":{"line":13,"column":6}},"3":{"start":{"line":4,"column":0},"end":{"line":4,"column":24}}},"fnMap":{"0":{"name":"Preview","decl":{"start":{"line":4,"column":24},"end":{"line":4,"column":31}},"loc":{"start":{"line":4,"column":31},"end":{"line":14,"column":1}}}},"branchMap":{},"s":{"0":3,"1":3,"2":3,"3":3},"f":{"0":3},"b":{}}
,"C:\\Users\\dusha\\OneDrive\\Рабочий стол\\REACT_SKILLBOX\\src\\shared\\CardList\\Card\\Preview\\index.ts": {"path":"C:\\Users\\dusha\\OneDrive\\Рабочий стол\\REACT_SKILLBOX\\src\\shared\\CardList\\Card\\Preview\\index.ts","statementMap":{"0":{"start":{"line":1,"column":0},"end":{"line":1,"column":9}},"1":{"start":{"line":1,"column":9},"end":{"line":1,"column":36}}},"fnMap":{"0":{"name":"(anonymous_1)","decl":{"start":{"line":1,"column":9},"end":{"line":1,"column":16}},"loc":{"start":{"line":1,"column":9},"end":{"line":1,"column":36}}}},"branchMap":{},"s":{"0":2,"1":4},"f":{"0":2},"b":{}}
,"C:\\Users\\dusha\\OneDrive\\Рабочий стол\\REACT_SKILLBOX\\src\\shared\\CardList\\Card\\TextBlock\\TextBlock.tsx": {"path":"C:\\Users\\dusha\\OneDrive\\Рабочий стол\\REACT_SKILLBOX\\src\\shared\\CardList\\Card\\TextBlock\\TextBlock.tsx","statementMap":{"0":{"start":{"line":2,"column":0},"end":{"line":2,"column":26}},"1":{"start":{"line":3,"column":0},"end":{"line":3,"column":37}},"2":{"start":{"line":6,"column":4},"end":{"line":31,"column":6}},"3":{"start":{"line":5,"column":0},"end":{"line":5,"column":24}}},"fnMap":{"0":{"name":"TextBlock","decl":{"start":{"line":5,"column":24},"end":{"line":5,"column":33}},"loc":{"start":{"line":5,"column":33},"end":{"line":32,"column":1}}}},"branchMap":{},"s":{"0":3,"1":3,"2":3,"3":3},"f":{"0":3},"b":{}}
,"C:\\Users\\dusha\\OneDrive\\Рабочий стол\\REACT_SKILLBOX\\src\\shared\\CardList\\Card\\TextBlock\\index.ts": {"path":"C:\\Users\\dusha\\OneDrive\\Рабочий стол\\REACT_SKILLBOX\\src\\shared\\CardList\\Card\\TextBlock\\index.ts","statementMap":{"0":{"start":{"line":1,"column":0},"end":{"line":1,"column":9}},"1":{"start":{"line":1,"column":9},"end":{"line":1,"column":38}}},"fnMap":{"0":{"name":"(anonymous_1)","decl":{"start":{"line":1,"column":9},"end":{"line":1,"column":16}},"loc":{"start":{"line":1,"column":9},"end":{"line":1,"column":38}}}},"branchMap":{},"s":{"0":2,"1":4},"f":{"0":2},"b":{}}
,"C:\\Users\\dusha\\OneDrive\\Рабочий стол\\REACT_SKILLBOX\\src\\shared\\Content\\Content.tsx": {"path":"C:\\Users\\dusha\\OneDrive\\Рабочий стол\\REACT_SKILLBOX\\src\\shared\\Content\\Content.tsx","statementMap":{"0":{"start":{"line":1,"column":0},"end":{"line":1,"column":26}},"1":{"start":{"line":8,"column":42},"end":{"line":8,"column":51}},"2":{"start":{"line":9,"column":4},"end":{"line":9,"column":35}},"3":{"start":{"line":8,"column":0},"end":{"line":8,"column":24}}},"fnMap":{"0":{"name":"Content","decl":{"start":{"line":8,"column":24},"end":{"line":8,"column":31}},"loc":{"start":{"line":8,"column":51},"end":{"line":10,"column":1}}}},"branchMap":{},"s":{"0":1,"1":1,"2":1,"3":1},"f":{"0":1},"b":{}}
,"C:\\Users\\dusha\\OneDrive\\Рабочий стол\\REACT_SKILLBOX\\src\\shared\\Content\\index.ts": {"path":"C:\\Users\\dusha\\OneDrive\\Рабочий стол\\REACT_SKILLBOX\\src\\shared\\Content\\index.ts","statementMap":{"0":{"start":{"line":1,"column":0},"end":{"line":1,"column":9}},"1":{"start":{"line":1,"column":9},"end":{"line":1,"column":36}}},"fnMap":{"0":{"name":"(anonymous_1)","decl":{"start":{"line":1,"column":9},"end":{"line":1,"column":16}},"loc":{"start":{"line":1,"column":9},"end":{"line":1,"column":36}}}},"branchMap":{},"s":{"0":0,"1":0},"f":{"0":0},"b":{}}
,"C:\\Users\\dusha\\OneDrive\\Рабочий стол\\REACT_SKILLBOX\\src\\shared\\Dropdown\\Dropdown.tsx": {"path":"C:\\Users\\dusha\\OneDrive\\Рабочий стол\\REACT_SKILLBOX\\src\\shared\\Dropdown\\Dropdown.tsx","statementMap":{"0":{"start":{"line":3,"column":0},"end":{"line":3,"column":26}},"1":{"start":{"line":4,"column":0},"end":{"line":4,"column":58}},"2":{"start":{"line":5,"column":0},"end":{"line":5,"column":36}},"3":{"start":{"line":17,"column":10},"end":{"line":17,"column":null}},"4":{"start":{"line":18,"column":12},"end":{"line":18,"column":null}},"5":{"start":{"line":19,"column":4},"end":{"line":19,"column":17}},"6":{"start":{"line":19,"column":17},"end":{"line":19,"column":null}},"7":{"start":{"line":20,"column":10},"end":{"line":20,"column":null}},"8":{"start":{"line":21,"column":10},"end":{"line":21,"column":null}},"9":{"start":{"line":22,"column":11},"end":{"line":22,"column":null}},"10":{"start":{"line":24,"column":48},"end":{"line":24,"column":70}},"11":{"start":{"line":24,"column":25},"end":{"line":24,"column":27}},"12":{"start":{"line":24,"column":44},"end":{"line":24,"column":48}},"13":{"start":{"line":26,"column":22},"end":{"line":26,"column":36}},"14":{"start":{"line":28,"column":4},"end":{"line":28,"column":63}},"15":{"start":{"line":28,"column":26},"end":{"line":28,"column":53}},"16":{"start":{"line":30,"column":4},"end":{"line":35,"column":25}},"17":{"start":{"line":31,"column":8},"end":{"line":34,"column":null}},"18":{"start":{"line":33,"column":12},"end":{"line":33,"column":54}},"19":{"start":{"line":37,"column":23},"end":{"line":41,"column":5}},"20":{"start":{"line":38,"column":8},"end":{"line":40,"column":null}},"21":{"start":{"line":39,"column":12},"end":{"line":39,"column":57}},"22":{"start":{"line":39,"column":45},"end":{"line":39,"column":56}},"23":{"start":{"line":43,"column":4},"end":{"line":57,"column":6}},"24":{"start":{"line":50,"column":39},"end":{"line":50,"column":null}},"25":{"start":{"line":16,"column":0},"end":{"line":16,"column":24}}},"fnMap":{"0":{"name":"Dropdown","decl":{"start":{"line":16,"column":24},"end":{"line":16,"column":32}},"loc":{"start":{"line":23,"column":8},"end":{"line":58,"column":1}}},"1":{"name":"(anonymous_2)","decl":{"start":{"line":28,"column":20},"end":{"line":28,"column":26}},"loc":{"start":{"line":28,"column":20},"end":{"line":28,"column":43}}},"2":{"name":"(anonymous_3)","decl":{"start":{"line":30,"column":20},"end":{"line":30,"column":null}},"loc":{"start":{"line":30,"column":20},"end":{"line":35,"column":5}}},"3":{"name":"(anonymous_4)","decl":{"start":{"line":37,"column":23},"end":{"line":37,"column":null}},"loc":{"start":{"line":37,"column":23},"end":{"line":41,"column":5}}},"4":{"name":"(anonymous_5)","decl":{"start":{"line":39,"column":30},"end":{"line":39,"column":31}},"loc":{"start":{"line":39,"column":40},"end":{"line":39,"column":46}}},"5":{"name":"(anonymous_6)","decl":{"start":{"line":50,"column":33},"end":{"line":50,"column":39}},"loc":{"start":{"line":50,"column":33},"end":{"line":50,"column":56}}}},"branchMap":{"0":{"loc":{"start":{"line":19,"column":20},"end":{"line":19,"column":39}},"type":"cond-expr","locations":[{"start":{"line":19,"column":20},"end":{"line":19,"column":39}},{"start":{"line":19,"column":39},"end":{"line":19,"column":null}}]},"1":{"loc":{"start":{"line":31,"column":8},"end":{"line":34,"column":null}},"type":"if","locations":[{"start":{"line":31,"column":8},"end":{"line":34,"column":null}},{"start":{"line":31,"column":8},"end":{"line":34,"column":null}}]},"2":{"loc":{"start":{"line":33,"column":29},"end":{"line":33,"column":39}},"type":"cond-expr","locations":[{"start":{"line":33,"column":29},"end":{"line":33,"column":39}},{"start":{"line":33,"column":42},"end":{"line":33,"column":53}}]},"3":{"loc":{"start":{"line":33,"column":35},"end":{"line":33,"column":39}},"type":"cond-expr","locations":[{"start":{"line":33,"column":35},"end":{"line":33,"column":39}},{"start":{"line":33,"column":29},"end":{"line":33,"column":39}}]},"4":{"loc":{"start":{"line":33,"column":29},"end":{"line":33,"column":39}},"type":"binary-expr","locations":[{"start":{"line":33,"column":29},"end":{"line":33,"column":39}},{"start":{"line":33,"column":29},"end":{"line":33,"column":39}}]},"5":{"loc":{"start":{"line":33,"column":49},"end":{"line":33,"column":53}},"type":"cond-expr","locations":[{"start":{"line":33,"column":49},"end":{"line":33,"column":53}},{"start":{"line":33,"column":42},"end":{"line":33,"column":53}}]},"6":{"loc":{"start":{"line":33,"column":42},"end":{"line":33,"column":53}},"type":"binary-expr","locations":[{"start":{"line":33,"column":42},"end":{"line":33,"column":53}},{"start":{"line":33,"column":42},"end":{"line":33,"column":53}}]},"7":{"loc":{"start":{"line":38,"column":8},"end":{"line":40,"column":null}},"type":"if","locations":[{"start":{"line":38,"column":8},"end":{"line":40,"column":null}},{"start":{"line":38,"column":8},"end":{"line":40,"column":null}}]},"8":{"loc":{"start":{"line":46,"column":13},"end":{"line":46,"column":27}},"type":"binary-expr","locations":[{"start":{"line":46,"column":13},"end":{"line":46,"column":27}},{"start":{"line":47,"column":16},"end":{"line":53,"column":null}}]}},"s":{"0":4,"1":4,"2":4,"3":28,"4":28,"5":28,"6":28,"7":28,"8":28,"9":28,"10":28,"11":28,"12":28,"13":28,"14":28,"15":10,"16":28,"17":18,"18":8,"19":28,"20":8,"21":7,"22":7,"23":28,"24":1,"25":4},"f":{"0":28,"1":10,"2":18,"3":8,"4":7,"5":1},"b":{"0":[17,11],"1":[8,10],"2":[5,3],"3":[4,1],"4":[5,5],"5":[2,1],"6":[3,3],"7":[7,1],"8":[28,7]}}
,"C:\\Users\\dusha\\OneDrive\\Рабочий стол\\REACT_SKILLBOX\\src\\shared\\Dropdown\\index.ts": {"path":"C:\\Users\\dusha\\OneDrive\\Рабочий стол\\REACT_SKILLBOX\\src\\shared\\Dropdown\\index.ts","statementMap":{"0":{"start":{"line":1,"column":0},"end":{"line":1,"column":9}},"1":{"start":{"line":1,"column":9},"end":{"line":1,"column":37}}},"fnMap":{"0":{"name":"(anonymous_1)","decl":{"start":{"line":1,"column":9},"end":{"line":1,"column":16}},"loc":{"start":{"line":1,"column":9},"end":{"line":1,"column":37}}}},"branchMap":{},"s":{"0":3,"1":7},"f":{"0":4},"b":{}}
,"C:\\Users\\dusha\\OneDrive\\Рабочий стол\\REACT_SKILLBOX\\src\\shared\\Header\\Header.tsx": {"path":"C:\\Users\\dusha\\OneDrive\\Рабочий стол\\REACT_SKILLBOX\\src\\shared\\Header\\Header.tsx","statementMap":{"0":{"start":{"line":1,"column":0},"end":{"line":1,"column":26}},"1":{"start":{"line":2,"column":0},"end":{"line":2,"column":34}},"2":{"start":{"line":3,"column":0},"end":{"line":3,"column":40}},"3":{"start":{"line":4,"column":0},"end":{"line":4,"column":36}},"4":{"start":{"line":5,"column":0},"end":{"line":5,"column":38}},"5":{"start":{"line":8,"column":4},"end":{"line":14,"column":6}},"6":{"start":{"line":7,"column":0},"end":{"line":7,"column":24}}},"fnMap":{"0":{"name":"Header","decl":{"start":{"line":7,"column":24},"end":{"line":7,"column":30}},"loc":{"start":{"line":7,"column":30},"end":{"line":15,"column":1}}}},"branchMap":{},"s":{"0":1,"1":1,"2":1,"3":1,"4":1,"5":1,"6":1},"f":{"0":1},"b":{}}
,"C:\\Users\\dusha\\OneDrive\\Рабочий стол\\REACT_SKILLBOX\\src\\shared\\Header\\index.ts": {"path":"C:\\Users\\dusha\\OneDrive\\Рабочий стол\\REACT_SKILLBOX\\src\\shared\\Header\\index.ts","statementMap":{"0":{"start":{"line":1,"column":0},"end":{"line":1,"column":9}},"1":{"start":{"line":1,"column":9},"end":{"line":1,"column":35}}},"fnMap":{"0":{"name":"(anonymous_1)","decl":{"start":{"line":1,"column":9},"end":{"line":1,"column":16}},"loc":{"start":{"line":1,"column":9},"end":{"line":1,"column":35}}}},"branchMap":{},"s":{"0":0,"1":0},"f":{"0":0},"b":{}}
,"C:\\Users\\dusha\\OneDrive\\Рабочий стол\\REACT_SKILLBOX\\src\\shared\\Header\\SearchBlock\\SearchBlock.tsx": {"path":"C:\\Users\\dusha\\OneDrive\\Рабочий стол\\REACT_SKILLBOX\\src\\shared\\Header\\SearchBlock\\SearchBlock.tsx","statementMap":{"0":{"start":{"line":1,"column":0},"end":{"line":1,"column":26}},"1":{"start":{"line":5,"column":4},"end":{"line":5,"column":29}},"2":{"start":{"line":4,"column":0},"end":{"line":4,"column":24}}},"fnMap":{"0":{"name":"SearchBlock","decl":{"start":{"line":4,"column":24},"end":{"line":4,"column":35}},"loc":{"start":{"line":4,"column":35},"end":{"line":6,"column":1}}}},"branchMap":{},"s":{"0":2,"1":2,"2":2},"f":{"0":2},"b":{}}
,"C:\\Users\\dusha\\OneDrive\\Рабочий стол\\REACT_SKILLBOX\\src\\shared\\Header\\SearchBlock\\index.ts": {"path":"C:\\Users\\dusha\\OneDrive\\Рабочий стол\\REACT_SKILLBOX\\src\\shared\\Header\\SearchBlock\\index.ts","statementMap":{"0":{"start":{"line":1,"column":0},"end":{"line":1,"column":9}},"1":{"start":{"line":1,"column":9},"end":{"line":1,"column":40}}},"fnMap":{"0":{"name":"(anonymous_1)","decl":{"start":{"line":1,"column":9},"end":{"line":1,"column":16}},"loc":{"start":{"line":1,"column":9},"end":{"line":1,"column":40}}}},"branchMap":{},"s":{"0":1,"1":2},"f":{"0":1},"b":{}}
,"C:\\Users\\dusha\\OneDrive\\Рабочий стол\\REACT_SKILLBOX\\src\\shared\\Header\\SortBlock\\SortBlock.tsx": {"path":"C:\\Users\\dusha\\OneDrive\\Рабочий стол\\REACT_SKILLBOX\\src\\shared\\Header\\SortBlock\\SortBlock.tsx","statementMap":{"0":{"start":{"line":1,"column":0},"end":{"line":1,"column":26}},"1":{"start":{"line":5,"column":4},"end":{"line":5,"column":27}},"2":{"start":{"line":4,"column":0},"end":{"line":4,"column":24}}},"fnMap":{"0":{"name":"SortBlock","decl":{"start":{"line":4,"column":24},"end":{"line":4,"column":33}},"loc":{"start":{"line":4,"column":33},"end":{"line":6,"column":1}}}},"branchMap":{},"s":{"0":2,"1":2,"2":2},"f":{"0":2},"b":{}}
,"C:\\Users\\dusha\\OneDrive\\Рабочий стол\\REACT_SKILLBOX\\src\\shared\\Header\\SortBlock\\index.ts": {"path":"C:\\Users\\dusha\\OneDrive\\Рабочий стол\\REACT_SKILLBOX\\src\\shared\\Header\\SortBlock\\index.ts","statementMap":{"0":{"start":{"line":1,"column":0},"end":{"line":1,"column":9}},"1":{"start":{"line":1,"column":9},"end":{"line":1,"column":38}}},"fnMap":{"0":{"name":"(anonymous_1)","decl":{"start":{"line":1,"column":9},"end":{"line":1,"column":16}},"loc":{"start":{"line":1,"column":9},"end":{"line":1,"column":38}}}},"branchMap":{},"s":{"0":1,"1":2},"f":{"0":1},"b":{}}
,"C:\\Users\\dusha\\OneDrive\\Рабочий стол\\REACT_SKILLBOX\\src\\shared\\Header\\TitleBlock\\TitleBlock.tsx": {"path":"C:\\Users\\dusha\\OneDrive\\Рабочий стол\\REACT_SKILLBOX\\src\\shared\\Header\\TitleBlock\\TitleBlock.tsx","statementMap":{"0":{"start":{"line":1,"column":0},"end":{"line":1,"column":26}},"1":{"start":{"line":5,"column":4},"end":{"line":5,"column":28}},"2":{"start":{"line":4,"column":0},"end":{"line":4,"column":24}}},"fnMap":{"0":{"name":"TitleBlock","decl":{"start":{"line":4,"column":24},"end":{"line":4,"column":34}},"loc":{"start":{"line":4,"column":34},"end":{"line":6,"column":1}}}},"branchMap":{},"s":{"0":2,"1":2,"2":2},"f":{"0":2},"b":{}}
,"C:\\Users\\dusha\\OneDrive\\Рабочий стол\\REACT_SKILLBOX\\src\\shared\\Header\\TitleBlock\\index.ts": {"path":"C:\\Users\\dusha\\OneDrive\\Рабочий стол\\REACT_SKILLBOX\\src\\shared\\Header\\TitleBlock\\index.ts","statementMap":{"0":{"start":{"line":1,"column":0},"end":{"line":1,"column":9}},"1":{"start":{"line":1,"column":9},"end":{"line":1,"column":39}}},"fnMap":{"0":{"name":"(anonymous_1)","decl":{"start":{"line":1,"column":9},"end":{"line":1,"column":16}},"loc":{"start":{"line":1,"column":9},"end":{"line":1,"column":39}}}},"branchMap":{},"s":{"0":1,"1":2},"f":{"0":1},"b":{}}
,"C:\\Users\\dusha\\OneDrive\\Рабочий стол\\REACT_SKILLBOX\\src\\shared\\Icon\\Icon.tsx": {"path":"C:\\Users\\dusha\\OneDrive\\Рабочий стол\\REACT_SKILLBOX\\src\\shared\\Icon\\Icon.tsx","statementMap":{"0":{"start":{"line":1,"column":0},"end":{"line":1,"column":26}},"1":{"start":{"line":2,"column":0},"end":{"line":2,"column":34}},"2":{"start":{"line":4,"column":0},"end":{"line":4,"column":null}},"3":{"start":{"line":5,"column":4},"end":{"line":5,"column":null}},"4":{"start":{"line":6,"column":4},"end":{"line":6,"column":null}},"5":{"start":{"line":7,"column":4},"end":{"line":7,"column":null}},"6":{"start":{"line":8,"column":4},"end":{"line":8,"column":null}},"7":{"start":{"line":9,"column":4},"end":{"line":9,"column":null}},"8":{"start":{"line":10,"column":4},"end":{"line":10,"column":null}},"9":{"start":{"line":11,"column":4},"end":{"line":11,"column":null}},"10":{"start":{"line":12,"column":4},"end":{"line":12,"column":null}},"11":{"start":{"line":13,"column":4},"end":{"line":13,"column":null}},"12":{"start":{"line":25,"column":8},"end":{"line":25,"column":null}},"13":{"start":{"line":26,"column":9},"end":{"line":26,"column":null}},"14":{"start":{"line":27,"column":4},"end":{"line":27,"column":10}},"15":{"start":{"line":27,"column":10},"end":{"line":27,"column":null}},"16":{"start":{"line":28,"column":4},"end":{"line":28,"column":11}},"17":{"start":{"line":28,"column":11},"end":{"line":28,"column":null}},"18":{"start":{"line":29,"column":13},"end":{"line":29,"column":null}},"19":{"start":{"line":31,"column":17},"end":{"line":31,"column":28}},"20":{"start":{"line":33,"column":4},"end":{"line":44,"column":6}},"21":{"start":{"line":24,"column":0},"end":{"line":24,"column":24}}},"fnMap":{"0":{"name":"(anonymous_7)","decl":{"start":{"line":4,"column":0},"end":{"line":4,"column":12}},"loc":{"start":{"line":4,"column":18},"end":{"line":14,"column":1}}},"1":{"name":"Icon","decl":{"start":{"line":24,"column":24},"end":{"line":24,"column":28}},"loc":{"start":{"line":30,"column":8},"end":{"line":45,"column":1}}}},"branchMap":{"0":{"loc":{"start":{"line":4,"column":12},"end":{"line":4,"column":18}},"type":"binary-expr","locations":[{"start":{"line":4,"column":12},"end":{"line":4,"column":18}},{"start":{"line":4,"column":12},"end":{"line":4,"column":null}}]},"1":{"loc":{"start":{"line":27,"column":13},"end":{"line":27,"column":18}},"type":"cond-expr","locations":[{"start":{"line":27,"column":13},"end":{"line":27,"column":18}},{"start":{"line":27,"column":18},"end":{"line":27,"column":null}}]},"2":{"loc":{"start":{"line":28,"column":14},"end":{"line":28,"column":38}},"type":"cond-expr","locations":[{"start":{"line":28,"column":14},"end":{"line":28,"column":38}},{"start":{"line":28,"column":38},"end":{"line":28,"column":null}}]}},"s":{"0":6,"1":6,"2":6,"3":6,"4":6,"5":6,"6":6,"7":6,"8":6,"9":6,"10":6,"11":6,"12":33,"13":33,"14":33,"15":33,"16":33,"17":33,"18":33,"19":33,"20":33,"21":6},"f":{"0":6,"1":33},"b":{"0":[6,6],"1":[14,19],"2":[33,0]}}
,"C:\\Users\\dusha\\OneDrive\\Рабочий стол\\REACT_SKILLBOX\\src\\shared\\Icon\\index.ts": {"path":"C:\\Users\\dusha\\OneDrive\\Рабочий стол\\REACT_SKILLBOX\\src\\shared\\Icon\\index.ts","statementMap":{"0":{"start":{"line":1,"column":0},"end":{"line":1,"column":9}},"1":{"start":{"line":1,"column":9},"end":{"line":1,"column":18}},"2":{"start":{"line":1,"column":18},"end":{"line":1,"column":41}}},"fnMap":{"0":{"name":"(anonymous_1)","decl":{"start":{"line":1,"column":9},"end":{"line":1,"column":16}},"loc":{"start":{"line":1,"column":9},"end":{"line":1,"column":18}}},"1":{"name":"(anonymous_2)","decl":{"start":{"line":1,"column":18},"end":{"line":1,"column":24}},"loc":{"start":{"line":1,"column":18},"end":{"line":1,"column":41}}}},"branchMap":{},"s":{"0":5,"1":37,"2":37},"f":{"0":32,"1":32},"b":{}}
,"C:\\Users\\dusha\\OneDrive\\Рабочий стол\\REACT_SKILLBOX\\src\\shared\\Icons\\ArrowIcon.tsx": {"path":"C:\\Users\\dusha\\OneDrive\\Рабочий стол\\REACT_SKILLBOX\\src\\shared\\Icons\\ArrowIcon.tsx","statementMap":{"0":{"start":{"line":1,"column":0},"end":{"line":1,"column":26}},"1":{"start":{"line":4,"column":4},"end":{"line":4,"column":61}},"2":{"start":{"line":3,"column":0},"end":{"line":3,"column":24}}},"fnMap":{"0":{"name":"ArrowIcon","decl":{"start":{"line":3,"column":24},"end":{"line":3,"column":33}},"loc":{"start":{"line":3,"column":33},"end":{"line":5,"column":1}}}},"branchMap":{},"s":{"0":6,"1":6,"2":6},"f":{"0":6},"b":{}}
,"C:\\Users\\dusha\\OneDrive\\Рабочий стол\\REACT_SKILLBOX\\src\\shared\\Icons\\ChartIcon.tsx": {"path":"C:\\Users\\dusha\\OneDrive\\Рабочий стол\\REACT_SKILLBOX\\src\\shared\\Icons\\ChartIcon.tsx","statementMap":{"0":{"start":{"line":1,"column":0},"end":{"line":1,"column":26}},"1":{"start":{"line":4,"column":4},"end":{"line":9,"column":6}},"2":{"start":{"line":3,"column":0},"end":{"line":3,"column":24}}},"fnMap":{"0":{"name":"ChartIcon","decl":{"start":{"line":3,"column":24},"end":{"line":3,"column":33}},"loc":{"start":{"line":3,"column":33},"end":{"line":10,"column":1}}}},"branchMap":{},"s":{"0":6,"1":3,"2":6},"f":{"0":3},"b":{}}
,"C:\\Users\\dusha\\OneDrive\\Рабочий стол\\REACT_SKILLBOX\\src\\shared\\Icons\\HideIcon.tsx": {"path":"C:\\Users\\dusha\\OneDrive\\Рабочий стол\\REACT_SKILLBOX\\src\\shared\\Icons\\HideIcon.tsx","statementMap":{"0":{"start":{"line":1,"column":0},"end":{"line":1,"column":26}},"1":{"start":{"line":4,"column":4},"end":{"line":9,"column":6}},"2":{"start":{"line":3,"column":0},"end":{"line":3,"column":24}}},"fnMap":{"0":{"name":"HideIcon","decl":{"start":{"line":3,"column":24},"end":{"line":3,"column":32}},"loc":{"start":{"line":3,"column":32},"end":{"line":10,"column":1}}}},"branchMap":{},"s":{"0":6,"1":3,"2":6},"f":{"0":3},"b":{}}
,"C:\\Users\\dusha\\OneDrive\\Рабочий стол\\REACT_SKILLBOX\\src\\shared\\Icons\\MenuIcon.tsx": {"path":"C:\\Users\\dusha\\OneDrive\\Рабочий стол\\REACT_SKILLBOX\\src\\shared\\Icons\\MenuIcon.tsx","statementMap":{"0":{"start":{"line":1,"column":0},"end":{"line":1,"column":26}},"1":{"start":{"line":4,"column":4},"end":{"line":28,"column":6}},"2":{"start":{"line":3,"column":0},"end":{"line":3,"column":24}}},"fnMap":{"0":{"name":"MenuIcon","decl":{"start":{"line":3,"column":24},"end":{"line":3,"column":32}},"loc":{"start":{"line":3,"column":32},"end":{"line":29,"column":1}}}},"branchMap":{},"s":{"0":6,"1":4,"2":6},"f":{"0":4},"b":{}}
,"C:\\Users\\dusha\\OneDrive\\Рабочий стол\\REACT_SKILLBOX\\src\\shared\\Icons\\MessageIcon.tsx": {"path":"C:\\Users\\dusha\\OneDrive\\Рабочий стол\\REACT_SKILLBOX\\src\\shared\\Icons\\MessageIcon.tsx","statementMap":{"0":{"start":{"line":1,"column":0},"end":{"line":1,"column":26}},"1":{"start":{"line":4,"column":4},"end":{"line":9,"column":6}},"2":{"start":{"line":3,"column":0},"end":{"line":3,"column":24}}},"fnMap":{"0":{"name":"MessageIcon","decl":{"start":{"line":3,"column":24},"end":{"line":3,"column":35}},"loc":{"start":{"line":3,"column":35},"end":{"line":10,"column":1}}}},"branchMap":{},"s":{"0":6,"1":5,"2":6},"f":{"0":5},"b":{}}
,"C:\\Users\\dusha\\OneDrive\\Рабочий стол\\REACT_SKILLBOX\\src\\shared\\Icons\\SaveIcon.tsx": {"path":"C:\\Users\\dusha\\OneDrive\\Рабочий стол\\REACT_SKILLBOX\\src\\shared\\Icons\\SaveIcon.tsx","statementMap":{"0":{"start":{"line":1,"column":0},"end":{"line":1,"column":26}},"1":{"start":{"line":4,"column":4},"end":{"line":9,"column":6}},"2":{"start":{"line":3,"column":0},"end":{"line":3,"column":24}}},"fnMap":{"0":{"name":"SaveIcon","decl":{"start":{"line":3,"column":24},"end":{"line":3,"column":32}},"loc":{"start":{"line":3,"column":32},"end":{"line":10,"column":1}}}},"branchMap":{},"s":{"0":6,"1":2,"2":6},"f":{"0":2},"b":{}}
,"C:\\Users\\dusha\\OneDrive\\Рабочий стол\\REACT_SKILLBOX\\src\\shared\\Icons\\ShareIcon.tsx": {"path":"C:\\Users\\dusha\\OneDrive\\Рабочий стол\\REACT_SKILLBOX\\src\\shared\\Icons\\ShareIcon.tsx","statementMap":{"0":{"start":{"line":1,"column":0},"end":{"line":1,"column":26}},"1":{"start":{"line":4,"column":4},"end":{"line":9,"column":6}},"2":{"start":{"line":3,"column":0},"end":{"line":3,"column":24}}},"fnMap":{"0":{"name":"ShareIcon","decl":{"start":{"line":3,"column":24},"end":{"line":3,"column":33}},"loc":{"start":{"line":3,"column":33},"end":{"line":10,"column":1}}}},"branchMap":{},"s":{"0":6,"1":5,"2":6},"f":{"0":5},"b":{}}
,"C:\\Users\\dusha\\OneDrive\\Рабочий стол\\REACT_SKILLBOX\\src\\shared\\Icons\\TrashBinIcon.tsx": {"path":"C:\\Users\\dusha\\OneDrive\\Рабочий стол\\REACT_SKILLBOX\\src\\shared\\Icons\\TrashBinIcon.tsx","statementMap":{"0":{"start":{"line":1,"column":0},"end":{"line":1,"column":26}},"1":{"start":{"line":4,"column":4},"end":{"line":9,"column":6}},"2":{"start":{"line":3,"column":0},"end":{"line":3,"column":24}}},"fnMap":{"0":{"name":"TrashBinIcon","decl":{"start":{"line":3,"column":24},"end":{"line":3,"column":36}},"loc":{"start":{"line":3,"column":36},"end":{"line":10,"column":1}}}},"branchMap":{},"s":{"0":6,"1":3,"2":6},"f":{"0":3},"b":{}}
,"C:\\Users\\dusha\\OneDrive\\Рабочий стол\\REACT_SKILLBOX\\src\\shared\\Icons\\WarningIcon.tsx": {"path":"C:\\Users\\dusha\\OneDrive\\Рабочий стол\\REACT_SKILLBOX\\src\\shared\\Icons\\WarningIcon.tsx","statementMap":{"0":{"start":{"line":1,"column":0},"end":{"line":1,"column":26}},"1":{"start":{"line":4,"column":4},"end":{"line":9,"column":6}},"2":{"start":{"line":3,"column":0},"end":{"line":3,"column":24}}},"fnMap":{"0":{"name":"WarningIcon","decl":{"start":{"line":3,"column":24},"end":{"line":3,"column":35}},"loc":{"start":{"line":3,"column":35},"end":{"line":10,"column":1}}}},"branchMap":{},"s":{"0":6,"1":2,"2":6},"f":{"0":2},"b":{}}
,"C:\\Users\\dusha\\OneDrive\\Рабочий стол\\REACT_SKILLBOX\\src\\shared\\Icons\\index.ts": {"path":"C:\\Users\\dusha\\OneDrive\\Рабочий стол\\REACT_SKILLBOX\\src\\shared\\Icons\\index.ts","statementMap":{"0":{"start":{"line":1,"column":0},"end":{"line":1,"column":9}},"1":{"start":{"line":1,"column":9},"end":{"line":1,"column":29}},"2":{"start":{"line":2,"column":0},"end":{"line":2,"column":9}},"3":{"start":{"line":2,"column":9},"end":{"line":2,"column":29}},"4":{"start":{"line":3,"column":0},"end":{"line":3,"column":9}},"5":{"start":{"line":3,"column":9},"end":{"line":3,"column":28}},"6":{"start":{"line":4,"column":0},"end":{"line":4,"column":9}},"7":{"start":{"line":4,"column":9},"end":{"line":4,"column":28}},"8":{"start":{"line":5,"column":0},"end":{"line":5,"column":9}},"9":{"start":{"line":5,"column":9},"end":{"line":5,"column":31}},"10":{"start":{"line":6,"column":0},"end":{"line":6,"column":9}},"11":{"start":{"line":6,"column":9},"end":{"line":6,"column":28}},"12":{"start":{"line":7,"column":0},"end":{"line":7,"column":9}},"13":{"start":{"line":7,"column":9},"end":{"line":7,"column":29}},"14":{"start":{"line":8,"column":0},"end":{"line":8,"column":9}},"15":{"start":{"line":8,"column":9},"end":{"line":8,"column":32}},"16":{"start":{"line":9,"column":0},"end":{"line":9,"column":9}},"17":{"start":{"line":9,"column":9},"end":{"line":9,"column":31}}},"fnMap":{"0":{"name":"(anonymous_1)","decl":{"start":{"line":1,"column":9},"end":{"line":1,"column":16}},"loc":{"start":{"line":1,"column":9},"end":{"line":1,"column":29}}},"1":{"name":"(anonymous_2)","decl":{"start":{"line":2,"column":9},"end":{"line":2,"column":16}},"loc":{"start":{"line":2,"column":9},"end":{"line":2,"column":29}}},"2":{"name":"(anonymous_3)","decl":{"start":{"line":3,"column":9},"end":{"line":3,"column":16}},"loc":{"start":{"line":3,"column":9},"end":{"line":3,"column":28}}},"3":{"name":"(anonymous_4)","decl":{"start":{"line":4,"column":9},"end":{"line":4,"column":16}},"loc":{"start":{"line":4,"column":9},"end":{"line":4,"column":28}}},"4":{"name":"(anonymous_5)","decl":{"start":{"line":5,"column":9},"end":{"line":5,"column":16}},"loc":{"start":{"line":5,"column":9},"end":{"line":5,"column":31}}},"5":{"name":"(anonymous_6)","decl":{"start":{"line":6,"column":9},"end":{"line":6,"column":16}},"loc":{"start":{"line":6,"column":9},"end":{"line":6,"column":28}}},"6":{"name":"(anonymous_7)","decl":{"start":{"line":7,"column":9},"end":{"line":7,"column":16}},"loc":{"start":{"line":7,"column":9},"end":{"line":7,"column":29}}},"7":{"name":"(anonymous_8)","decl":{"start":{"line":8,"column":9},"end":{"line":8,"column":16}},"loc":{"start":{"line":8,"column":9},"end":{"line":8,"column":32}}},"8":{"name":"(anonymous_9)","decl":{"start":{"line":9,"column":9},"end":{"line":9,"column":16}},"loc":{"start":{"line":9,"column":9},"end":{"line":9,"column":31}}}},"branchMap":{},"s":{"0":6,"1":12,"2":6,"3":9,"4":6,"5":9,"6":6,"7":10,"8":6,"9":11,"10":6,"11":8,"12":6,"13":11,"14":6,"15":9,"16":6,"17":8},"f":{"0":6,"1":3,"2":3,"3":4,"4":5,"5":2,"6":5,"7":3,"8":2},"b":{}}
,"C:\\Users\\dusha\\OneDrive\\Рабочий стол\\REACT_SKILLBOX\\src\\shared\\Layout\\Layout.tsx": {"path":"C:\\Users\\dusha\\OneDrive\\Рабочий стол\\REACT_SKILLBOX\\src\\shared\\Layout\\Layout.tsx","statementMap":{"0":{"start":{"line":1,"column":0},"end":{"line":1,"column":26}},"1":{"start":{"line":2,"column":0},"end":{"line":2,"column":34}},"2":{"start":{"line":8,"column":41},"end":{"line":8,"column":50}},"3":{"start":{"line":9,"column":4},"end":{"line":9,"column":59}},"4":{"start":{"line":8,"column":0},"end":{"line":8,"column":24}}},"fnMap":{"0":{"name":"Layout","decl":{"start":{"line":8,"column":24},"end":{"line":8,"column":30}},"loc":{"start":{"line":8,"column":50},"end":{"line":10,"column":1}}}},"branchMap":{},"s":{"0":1,"1":1,"2":1,"3":1,"4":1},"f":{"0":1},"b":{}}
,"C:\\Users\\dusha\\OneDrive\\Рабочий стол\\REACT_SKILLBOX\\src\\shared\\Layout\\index.ts": {"path":"C:\\Users\\dusha\\OneDrive\\Рабочий стол\\REACT_SKILLBOX\\src\\shared\\Layout\\index.ts","statementMap":{"0":{"start":{"line":1,"column":0},"end":{"line":1,"column":9}},"1":{"start":{"line":1,"column":9},"end":{"line":1,"column":35}}},"fnMap":{"0":{"name":"(anonymous_1)","decl":{"start":{"line":1,"column":9},"end":{"line":1,"column":16}},"loc":{"start":{"line":1,"column":9},"end":{"line":1,"column":35}}}},"branchMap":{},"s":{"0":0,"1":0},"f":{"0":0},"b":{}}
,"C:\\Users\\dusha\\OneDrive\\Рабочий стол\\REACT_SKILLBOX\\src\\shared\\Layout\\__test__\\__snapshots__\\Layout.test.tsx.snap": {"path":"C:\\Users\\dusha\\OneDrive\\Рабочий стол\\REACT_SKILLBOX\\src\\shared\\Layout\\__test__\\__snapshots__\\Layout.test.tsx.snap","statementMap":{"0":{"start":{"line":3,"column":0},"end":{"line":9,"column":2}}},"fnMap":{},"branchMap":{},"s":{"0":0},"f":{},"b":{},"inputSourceMap":null}
,"C:\\Users\\dusha\\OneDrive\\Рабочий стол\\REACT_SKILLBOX\\src\\types\\css.d.ts": {"path":"C:\\Users\\dusha\\OneDrive\\Рабочий стол\\REACT_SKILLBOX\\src\\types\\css.d.ts","statementMap":{},"fnMap":{},"branchMap":{},"s":{},"f":{},"b":{},"inputSourceMap":null}
,"C:\\Users\\dusha\\OneDrive\\Рабочий стол\\REACT_SKILLBOX\\src\\utils\\hooks\\useIsMounted.ts": {"path":"C:\\Users\\dusha\\OneDrive\\Рабочий стол\\REACT_SKILLBOX\\src\\utils\\hooks\\useIsMounted.ts","statementMap":{"0":{"start":{"line":1,"column":0},"end":{"line":1,"column":26}},"1":{"start":{"line":4,"column":38},"end":{"line":4,"column":59}},"2":{"start":{"line":4,"column":20},"end":{"line":4,"column":22}},"3":{"start":{"line":4,"column":34},"end":{"line":4,"column":38}},"4":{"start":{"line":6,"column":4},"end":{"line":6,"column":50}},"5":{"start":{"line":6,"column":26},"end":{"line":6,"column":46}},"6":{"start":{"line":8,"column":4},"end":{"line":8,"column":21}},"7":{"start":{"line":11,"column":0},"end":{"line":11,"column":28}}},"fnMap":{"0":{"name":"useIsMounted","decl":{"start":{"line":3,"column":9},"end":{"line":3,"column":21}},"loc":{"start":{"line":3,"column":21},"end":{"line":9,"column":1}}},"1":{"name":"(anonymous_2)","decl":{"start":{"line":6,"column":20},"end":{"line":6,"column":26}},"loc":{"start":{"line":6,"column":20},"end":{"line":6,"column":38}}}},"branchMap":{},"s":{"0":4,"1":28,"2":28,"3":28,"4":28,"5":10,"6":28,"7":4},"f":{"0":28,"1":10},"b":{}}
,"C:\\Users\\dusha\\OneDrive\\Рабочий стол\\REACT_SKILLBOX\\src\\utils\\js\\assoc.ts": {"path":"C:\\Users\\dusha\\OneDrive\\Рабочий стол\\REACT_SKILLBOX\\src\\utils\\js\\assoc.ts","statementMap":{"0":{"start":{"line":1,"column":0},"end":{"line":1,"column":36}},"1":{"start":{"line":10,"column":4},"end":{"line":14,"column":39}},"2":{"start":{"line":11,"column":8},"end":{"line":14,"column":39}},"3":{"start":{"line":17,"column":17},"end":{"line":19,"column":44}},"4":{"start":{"line":19,"column":39},"end":{"line":19,"column":66}},"5":{"start":{"line":21,"column":0},"end":{"line":21,"column":24}}},"fnMap":{"0":{"name":"assoc","decl":{"start":{"line":9,"column":9},"end":{"line":9,"column":14}},"loc":{"start":{"line":9,"column":52},"end":{"line":15,"column":1}}},"1":{"name":"(anonymous_3)","decl":{"start":{"line":10,"column":11},"end":{"line":10,"column":47}},"loc":{"start":{"line":10,"column":53},"end":{"line":11,"column":9}}},"2":{"name":"(anonymous_4)","decl":{"start":{"line":17,"column":17},"end":{"line":17,"column":null}},"loc":{"start":{"line":18,"column":10},"end":{"line":19,"column":44}}}},"branchMap":{},"s":{"0":4,"1":20,"2":20,"3":4,"4":20,"5":4},"f":{"0":20,"1":20,"2":20},"b":{}}
,"C:\\Users\\dusha\\OneDrive\\Рабочий стол\\REACT_SKILLBOX\\src\\utils\\js\\merge.ts": {"path":"C:\\Users\\dusha\\OneDrive\\Рабочий стол\\REACT_SKILLBOX\\src\\utils\\js\\merge.ts","statementMap":{"0":{"start":{"line":2,"column":4},"end":{"line":5,"column":7}},"1":{"start":{"line":2,"column":66},"end":{"line":5,"column":7}},"2":{"start":{"line":8,"column":0},"end":{"line":8,"column":21}}},"fnMap":{"0":{"name":"merge","decl":{"start":{"line":1,"column":9},"end":{"line":1,"column":14}},"loc":{"start":{"line":1,"column":57},"end":{"line":6,"column":1}}},"1":{"name":"(anonymous_3)","decl":{"start":{"line":2,"column":11},"end":{"line":2,"column":47}},"loc":{"start":{"line":2,"column":54},"end":{"line":2,"column":null}}}},"branchMap":{},"s":{"0":0,"1":0,"2":0},"f":{"0":0,"1":0},"b":{}}
,"C:\\Users\\dusha\\OneDrive\\Рабочий стол\\REACT_SKILLBOX\\src\\utils\\reactCommon\\pickFromSyntheticEvent.ts": {"path":"C:\\Users\\dusha\\OneDrive\\Рабочий стол\\REACT_SKILLBOX\\src\\utils\\reactCommon\\pickFromSyntheticEvent.ts","statementMap":{"0":{"start":{"line":2,"column":4},"end":{"line":4,"column":34}},"1":{"start":{"line":2,"column":42},"end":{"line":4,"column":34}},"2":{"start":{"line":2,"column":71},"end":{"line":4,"column":34}},"3":{"start":{"line":4,"column":9},"end":{"line":4,"column":34}},"4":{"start":{"line":7,"column":13},"end":{"line":7,"column":77}},"5":{"start":{"line":8,"column":13},"end":{"line":10,"column":2}}},"fnMap":{"0":{"name":"pickFromSyntheticEvents","decl":{"start":{"line":1,"column":9},"end":{"line":1,"column":32}},"loc":{"start":{"line":1,"column":32},"end":{"line":5,"column":1}}},"1":{"name":"(anonymous_1)","decl":{"start":{"line":2,"column":11},"end":{"line":2,"column":31}},"loc":{"start":{"line":2,"column":37},"end":{"line":2,"column":43}}},"2":{"name":"(anonymous_2)","decl":{"start":{"line":2,"column":42},"end":{"line":2,"column":43}},"loc":{"start":{"line":2,"column":66},"end":{"line":2,"column":null}}},"3":{"name":"(anonymous_3)","decl":{"start":{"line":2,"column":71},"end":{"line":2,"column":null}},"loc":{"start":{"line":3,"column":34},"end":{"line":4,"column":11}}}},"branchMap":{},"s":{"0":0,"1":0,"2":0,"3":0,"4":0,"5":0},"f":{"0":0,"1":0,"2":0,"3":0},"b":{}}
,"C:\\Users\\dusha\\OneDrive\\Рабочий стол\\REACT_SKILLBOX\\src\\utils\\reactCommon\\preventDefault.ts": {"path":"C:\\Users\\dusha\\OneDrive\\Рабочий стол\\REACT_SKILLBOX\\src\\utils\\reactCommon\\preventDefault.ts","statementMap":{"0":{"start":{"line":2,"column":0},"end":{"line":2,"column":32}},"1":{"start":{"line":5,"column":4},"end":{"line":8,"column":6}},"2":{"start":{"line":6,"column":8},"end":{"line":6,"column":27}},"3":{"start":{"line":7,"column":8},"end":{"line":7,"column":14}},"4":{"start":{"line":4,"column":0},"end":{"line":4,"column":16}},"5":{"start":{"line":12,"column":4},"end":{"line":15,"column":6}},"6":{"start":{"line":13,"column":8},"end":{"line":13,"column":28}},"7":{"start":{"line":14,"column":8},"end":{"line":14,"column":14}},"8":{"start":{"line":11,"column":0},"end":{"line":11,"column":16}},"9":{"start":{"line":20,"column":26},"end":{"line":21,"column":11}},"10":{"start":{"line":21,"column":4},"end":{"line":21,"column":61}},"11":{"start":{"line":20,"column":13},"end":{"line":20,"column":26}}},"fnMap":{"0":{"name":"preventDefault","decl":{"start":{"line":4,"column":16},"end":{"line":4,"column":30}},"loc":{"start":{"line":4,"column":53},"end":{"line":9,"column":1}}},"1":{"name":"(anonymous_1)","decl":{"start":{"line":5,"column":11},"end":{"line":5,"column":12}},"loc":{"start":{"line":5,"column":40},"end":{"line":8,"column":5}}},"2":{"name":"stopPropagation","decl":{"start":{"line":11,"column":16},"end":{"line":11,"column":31}},"loc":{"start":{"line":11,"column":54},"end":{"line":16,"column":1}}},"3":{"name":"(anonymous_3)","decl":{"start":{"line":12,"column":11},"end":{"line":12,"column":12}},"loc":{"start":{"line":12,"column":40},"end":{"line":15,"column":5}}},"4":{"name":"(anonymous_4)","decl":{"start":{"line":20,"column":26},"end":{"line":20,"column":27}},"loc":{"start":{"line":20,"column":49},"end":{"line":21,"column":11}}}},"branchMap":{},"s":{"0":0,"1":0,"2":0,"3":0,"4":0,"5":0,"6":0,"7":0,"8":0,"9":0,"10":0,"11":0},"f":{"0":0,"1":0,"2":0,"3":0,"4":0},"b":{}}
,"C:\\Users\\dusha\\OneDrive\\Рабочий стол\\REACT_SKILLBOX\\src\\utils\\reactCommon\\withKey.ts": {"path":"C:\\Users\\dusha\\OneDrive\\Рабочий стол\\REACT_SKILLBOX\\src\\utils\\reactCommon\\withKey.ts","statementMap":{"0":{"start":{"line":2,"column":0},"end":{"line":2,"column":38}},"1":{"start":{"line":5,"column":4},"end":{"line":13,"column":10}},"2":{"start":{"line":5,"column":63},"end":{"line":13,"column":10}},"3":{"start":{"line":9,"column":8},"end":{"line":13,"column":10}},"4":{"start":{"line":16,"column":13},"end":{"line":16,"column":39}},"5":{"start":{"line":17,"column":13},"end":{"line":17,"column":38}}},"fnMap":{"0":{"name":"withKey","decl":{"start":{"line":4,"column":9},"end":{"line":4,"column":16}},"loc":{"start":{"line":4,"column":65},"end":{"line":14,"column":1}}},"1":{"name":"(anonymous_3)","decl":{"start":{"line":5,"column":11},"end":{"line":5,"column":46}},"loc":{"start":{"line":5,"column":58},"end":{"line":5,"column":null}}},"2":{"name":"(anonymous_4)","decl":{"start":{"line":5,"column":63},"end":{"line":5,"column":null}},"loc":{"start":{"line":7,"column":21},"end":{"line":9,"column":21}}}},"branchMap":{"0":{"loc":{"start":{"line":11,"column":35},"end":{"line":11,"column":45}},"type":"cond-expr","locations":[{"start":{"line":11,"column":35},"end":{"line":11,"column":45}},{"start":{"line":11,"column":48},"end":{"line":11,"column":53}}]}},"s":{"0":0,"1":0,"2":0,"3":0,"4":0,"5":0},"f":{"0":0,"1":0,"2":0},"b":{"0":[0,0]}}
}
