TN:
SF:src\client\index.tsx
FN:5,(anonymous_1)
FNF:1
FNH:0
FNDA:0,(anonymous_1)
DA:1,0
DA:2,0
DA:3,0
DA:5,0
DA:6,0
LF:5
LH:0
BRF:0
BRH:0
end_of_record
TN:
SF:src\server\indexTemplate.ts
FN:1,(anonymous_0)
FNF:1
FNH:0
FNDA:0,(anonymous_0)
DA:1,0
DA:17,0
LF:2
LH:0
BRF:0
BRH:0
end_of_record
TN:
SF:src\server\server.ts
FN:10,(anonymous_1)
FN:14,(anonymous_2)
FNF:2
FNH:0
FNDA:0,(anonymous_1)
FNDA:0,(anonymous_2)
DA:1,0
DA:2,0
DA:3,0
DA:4,0
DA:6,0
DA:8,0
DA:10,0
DA:11,0
DA:14,0
DA:16,0
LF:10
LH:0
BRF:0
BRH:0
end_of_record
TN:
SF:src\shared\App.tsx
FN:9,App
FNF:1
FNH:0
FNDA:0,App
DA:1,0
DA:2,0
DA:3,0
DA:4,0
DA:5,0
DA:6,0
DA:7,0
DA:10,0
DA:20,0
LF:9
LH:0
BRF:0
BRH:0
end_of_record
TN:
SF:src\shared\BaseStyledList\BaseStyledList.tsx
FN:13,BaseStyledList
FN:17,(anonymous_8)
FNF:2
FNH:2
FNDA:2,BaseStyledList
FNDA:10,(anonymous_8)
DA:1,4
DA:2,4
DA:3,4
DA:13,4
DA:14,2
DA:17,10
LF:6
LH:6
BRF:0
BRH:0
end_of_record
TN:
SF:src\shared\BaseStyledList\index.ts
FN:1,(anonymous_1)
FNF:1
FNH:1
FNDA:4,(anonymous_1)
DA:1,7
LF:1
LH:1
BRF:0
BRH:0
end_of_record
TN:
SF:src\shared\CardList\CardsList.tsx
FN:5,CardsList
FNF:1
FNH:1
FNDA:1,CardsList
DA:1,1
DA:2,1
DA:3,1
DA:5,1
DA:6,1
LF:5
LH:5
BRF:0
BRH:0
end_of_record
TN:
SF:src\shared\CardList\index.ts
FN:1,(anonymous_1)
FNF:1
FNH:0
FNDA:0,(anonymous_1)
DA:1,0
LF:1
LH:0
BRF:0
BRH:0
end_of_record
TN:
SF:src\shared\CardList\Card\Card.tsx
FN:8,Card
FNF:1
FNH:1
FNDA:2,Card
DA:1,2
DA:2,2
DA:3,2
DA:4,2
DA:5,2
DA:6,2
DA:8,2
DA:9,2
LF:8
LH:8
BRF:0
BRH:0
end_of_record
TN:
SF:src\shared\CardList\Card\index.ts
FN:1,(anonymous_1)
FNF:1
FNH:1
FNDA:1,(anonymous_1)
DA:1,2
LF:1
LH:1
BRF:0
BRH:0
end_of_record
TN:
SF:src\shared\CardList\Card\CardDropdown\CardDropdown.tsx
FN:8,CardDropdown
FNF:1
FNH:1
FNDA:4,CardDropdown
DA:1,3
DA:2,3
DA:3,3
DA:4,3
DA:5,3
DA:6,3
DA:8,3
DA:9,4
LF:8
LH:8
BRF:0
BRH:0
end_of_record
TN:
SF:src\shared\CardList\Card\CardDropdown\dropdownList.tsx
FNF:0
FNH:0
DA:1,4
DA:3,4
DA:11,4
LF:3
LH:3
BRF:0
BRH:0
end_of_record
TN:
SF:src\shared\CardList\Card\CardDropdown\index.ts
FN:1,(anonymous_1)
FNF:1
FNH:1
FNDA:2,(anonymous_1)
DA:1,4
LF:1
LH:1
BRF:0
BRH:0
end_of_record
TN:
SF:src\shared\CardList\Card\ControlBlock\ControlBlock.tsx
FN:5,ControlBlock
FNF:1
FNH:1
FNDA:3,ControlBlock
DA:1,3
DA:2,3
DA:3,3
DA:5,3
DA:6,3
LF:5
LH:5
BRF:0
BRH:0
end_of_record
TN:
SF:src\shared\CardList\Card\ControlBlock\index.ts
FN:1,(anonymous_1)
FNF:1
FNH:1
FNDA:2,(anonymous_1)
DA:1,4
LF:1
LH:1
BRF:0
BRH:0
end_of_record
TN:
SF:src\shared\CardList\Card\Preview\Preview.tsx
FN:4,Preview
FNF:1
FNH:1
FNDA:3,Preview
DA:1,3
DA:2,3
DA:4,3
DA:5,3
LF:4
LH:4
BRF:0
BRH:0
end_of_record
TN:
SF:src\shared\CardList\Card\Preview\index.ts
FN:1,(anonymous_1)
FNF:1
FNH:1
FNDA:2,(anonymous_1)
DA:1,4
LF:1
LH:1
BRF:0
BRH:0
end_of_record
TN:
SF:src\shared\CardList\Card\TextBlock\TextBlock.tsx
FN:5,TextBlock
FNF:1
FNH:1
FNDA:3,TextBlock
DA:2,3
DA:3,3
DA:5,3
DA:6,3
LF:4
LH:4
BRF:0
BRH:0
end_of_record
TN:
SF:src\shared\CardList\Card\TextBlock\index.ts
FN:1,(anonymous_1)
FNF:1
FNH:1
FNDA:2,(anonymous_1)
DA:1,4
LF:1
LH:1
BRF:0
BRH:0
end_of_record
TN:
SF:src\shared\Content\Content.tsx
FN:8,Content
FNF:1
FNH:1
FNDA:1,Content
DA:1,1
DA:8,1
DA:9,1
LF:3
LH:3
BRF:0
BRH:0
end_of_record
TN:
SF:src\shared\Content\index.ts
FN:1,(anonymous_1)
FNF:1
FNH:0
FNDA:0,(anonymous_1)
DA:1,0
LF:1
LH:0
BRF:0
BRH:0
end_of_record
TN:
SF:src\shared\Dropdown\Dropdown.tsx
FN:16,Dropdown
FN:28,(anonymous_2)
FN:30,(anonymous_3)
FN:37,(anonymous_4)
FN:39,(anonymous_5)
FN:50,(anonymous_6)
FNF:6
FNH:6
FNDA:28,Dropdown
FNDA:10,(anonymous_2)
FNDA:18,(anonymous_3)
FNDA:8,(anonymous_4)
FNDA:7,(anonymous_5)
FNDA:1,(anonymous_6)
DA:3,4
DA:4,4
DA:5,4
DA:16,4
DA:17,28
DA:18,28
DA:19,28
DA:20,28
DA:21,28
DA:22,28
DA:24,28
DA:26,28
DA:28,28
DA:30,28
DA:31,18
DA:33,8
DA:37,28
DA:38,8
DA:39,7
DA:43,28
DA:50,1
LF:21
LH:21
BRDA:19,0,0,17
BRDA:19,0,1,11
BRDA:31,1,0,8
BRDA:31,1,1,10
BRDA:33,2,0,5
BRDA:33,2,1,3
BRDA:33,3,0,4
BRDA:33,3,1,1
BRDA:33,4,0,5
BRDA:33,4,1,5
BRDA:33,5,0,2
BRDA:33,5,1,1
BRDA:33,6,0,3
BRDA:33,6,1,3
BRDA:38,7,0,7
BRDA:38,7,1,1
BRDA:46,8,0,28
BRDA:46,8,1,7
BRF:18
BRH:18
end_of_record
TN:
SF:src\shared\Dropdown\index.ts
FN:1,(anonymous_1)
FNF:1
FNH:1
FNDA:4,(anonymous_1)
DA:1,7
LF:1
LH:1
BRF:0
BRH:0
end_of_record
TN:
SF:src\shared\Header\Header.tsx
FN:7,Header
FNF:1
FNH:1
FNDA:1,Header
DA:1,1
DA:2,1
DA:3,1
DA:4,1
DA:5,1
DA:7,1
DA:8,1
LF:7
LH:7
BRF:0
BRH:0
end_of_record
TN:
SF:src\shared\Header\index.ts
FN:1,(anonymous_1)
FNF:1
FNH:0
FNDA:0,(anonymous_1)
DA:1,0
LF:1
LH:0
BRF:0
BRH:0
end_of_record
TN:
SF:src\shared\Header\SearchBlock\SearchBlock.tsx
FN:4,SearchBlock
FNF:1
FNH:1
FNDA:2,SearchBlock
DA:1,2
DA:4,2
DA:5,2
LF:3
LH:3
BRF:0
BRH:0
end_of_record
TN:
SF:src\shared\Header\SearchBlock\index.ts
FN:1,(anonymous_1)
FNF:1
FNH:1
FNDA:1,(anonymous_1)
DA:1,2
LF:1
LH:1
BRF:0
BRH:0
end_of_record
TN:
SF:src\shared\Header\SortBlock\SortBlock.tsx
FN:4,SortBlock
FNF:1
FNH:1
FNDA:2,SortBlock
DA:1,2
DA:4,2
DA:5,2
LF:3
LH:3
BRF:0
BRH:0
end_of_record
TN:
SF:src\shared\Header\SortBlock\index.ts
FN:1,(anonymous_1)
FNF:1
FNH:1
FNDA:1,(anonymous_1)
DA:1,2
LF:1
LH:1
BRF:0
BRH:0
end_of_record
TN:
SF:src\shared\Header\TitleBlock\TitleBlock.tsx
FN:4,TitleBlock
FNF:1
FNH:1
FNDA:2,TitleBlock
DA:1,2
DA:4,2
DA:5,2
LF:3
LH:3
BRF:0
BRH:0
end_of_record
TN:
SF:src\shared\Header\TitleBlock\index.ts
FN:1,(anonymous_1)
FNF:1
FNH:1
FNDA:1,(anonymous_1)
DA:1,2
LF:1
LH:1
BRF:0
BRH:0
end_of_record
TN:
SF:src\shared\Icon\Icon.tsx
FN:4,(anonymous_7)
FN:24,Icon
FNF:2
FNH:2
FNDA:6,(anonymous_7)
FNDA:33,Icon
DA:1,6
DA:2,6
DA:4,6
DA:5,6
DA:6,6
DA:7,6
DA:8,6
DA:9,6
DA:10,6
DA:11,6
DA:12,6
DA:13,6
DA:24,6
DA:25,33
DA:26,33
DA:27,33
DA:28,33
DA:29,33
DA:31,33
DA:33,33
LF:20
LH:20
BRDA:4,0,0,6
BRDA:4,0,1,6
BRDA:27,1,0,14
BRDA:27,1,1,19
BRDA:28,2,0,33
BRDA:28,2,1,0
BRF:6
BRH:5
end_of_record
TN:
SF:src\shared\Icon\index.ts
FN:1,(anonymous_1)
FN:1,(anonymous_2)
FNF:2
FNH:2
FNDA:32,(anonymous_1)
FNDA:32,(anonymous_2)
DA:1,37
LF:1
LH:1
BRF:0
BRH:0
end_of_record
TN:
SF:src\shared\Icons\ArrowIcon.tsx
FN:3,ArrowIcon
FNF:1
FNH:1
FNDA:6,ArrowIcon
DA:1,6
DA:3,6
DA:4,6
LF:3
LH:3
BRF:0
BRH:0
end_of_record
TN:
SF:src\shared\Icons\ChartIcon.tsx
FN:3,ChartIcon
FNF:1
FNH:1
FNDA:3,ChartIcon
DA:1,6
DA:3,6
DA:4,3
LF:3
LH:3
BRF:0
BRH:0
end_of_record
TN:
SF:src\shared\Icons\HideIcon.tsx
FN:3,HideIcon
FNF:1
FNH:1
FNDA:3,HideIcon
DA:1,6
DA:3,6
DA:4,3
LF:3
LH:3
BRF:0
BRH:0
end_of_record
TN:
SF:src\shared\Icons\MenuIcon.tsx
FN:3,MenuIcon
FNF:1
FNH:1
FNDA:4,MenuIcon
DA:1,6
DA:3,6
DA:4,4
LF:3
LH:3
BRF:0
BRH:0
end_of_record
TN:
SF:src\shared\Icons\MessageIcon.tsx
FN:3,MessageIcon
FNF:1
FNH:1
FNDA:5,MessageIcon
DA:1,6
DA:3,6
DA:4,5
LF:3
LH:3
BRF:0
BRH:0
end_of_record
TN:
SF:src\shared\Icons\SaveIcon.tsx
FN:3,SaveIcon
FNF:1
FNH:1
FNDA:2,SaveIcon
DA:1,6
DA:3,6
DA:4,2
LF:3
LH:3
BRF:0
BRH:0
end_of_record
TN:
SF:src\shared\Icons\ShareIcon.tsx
FN:3,ShareIcon
FNF:1
FNH:1
FNDA:5,ShareIcon
DA:1,6
DA:3,6
DA:4,5
LF:3
LH:3
BRF:0
BRH:0
end_of_record
TN:
SF:src\shared\Icons\TrashBinIcon.tsx
FN:3,TrashBinIcon
FNF:1
FNH:1
FNDA:3,TrashBinIcon
DA:1,6
DA:3,6
DA:4,3
LF:3
LH:3
BRF:0
BRH:0
end_of_record
TN:
SF:src\shared\Icons\WarningIcon.tsx
FN:3,WarningIcon
FNF:1
FNH:1
FNDA:2,WarningIcon
DA:1,6
DA:3,6
DA:4,2
LF:3
LH:3
BRF:0
BRH:0
end_of_record
TN:
SF:src\shared\Icons\index.ts
FN:1,(anonymous_1)
FN:2,(anonymous_2)
FN:3,(anonymous_3)
FN:4,(anonymous_4)
FN:5,(anonymous_5)
FN:6,(anonymous_6)
FN:7,(anonymous_7)
FN:8,(anonymous_8)
FN:9,(anonymous_9)
FNF:9
FNH:9
FNDA:6,(anonymous_1)
FNDA:3,(anonymous_2)
FNDA:3,(anonymous_3)
FNDA:4,(anonymous_4)
FNDA:5,(anonymous_5)
FNDA:2,(anonymous_6)
FNDA:5,(anonymous_7)
FNDA:3,(anonymous_8)
FNDA:2,(anonymous_9)
DA:1,12
DA:2,9
DA:3,9
DA:4,10
DA:5,11
DA:6,8
DA:7,11
DA:8,9
DA:9,8
LF:9
LH:9
BRF:0
BRH:0
end_of_record
TN:
SF:src\shared\Layout\Layout.tsx
FN:8,Layout
FNF:1
FNH:1
FNDA:1,Layout
DA:1,1
DA:2,1
DA:8,1
DA:9,1
LF:4
LH:4
BRF:0
BRH:0
end_of_record
TN:
SF:src\shared\Layout\index.ts
FN:1,(anonymous_1)
FNF:1
FNH:0
FNDA:0,(anonymous_1)
DA:1,0
LF:1
LH:0
BRF:0
BRH:0
end_of_record
TN:
SF:src\shared\Layout\__test__\__snapshots__\Layout.test.tsx.snap
FNF:0
FNH:0
DA:3,0
LF:1
LH:0
BRF:0
BRH:0
end_of_record
TN:
SF:src\types\css.d.ts
FNF:0
FNH:0
LF:0
LH:0
BRF:0
BRH:0
end_of_record
TN:
SF:src\utils\hooks\useIsMounted.ts
FN:3,useIsMounted
FN:6,(anonymous_2)
FNF:2
FNH:2
FNDA:28,useIsMounted
FNDA:10,(anonymous_2)
DA:1,4
DA:4,28
DA:6,28
DA:8,28
DA:11,4
LF:5
LH:5
BRF:0
BRH:0
end_of_record
TN:
SF:src\utils\js\assoc.ts
FN:9,assoc
FN:10,(anonymous_3)
FN:17,(anonymous_4)
FNF:3
FNH:3
FNDA:20,assoc
FNDA:20,(anonymous_3)
FNDA:20,(anonymous_4)
DA:1,4
DA:10,20
DA:11,20
DA:17,4
DA:19,20
DA:21,4
LF:6
LH:6
BRF:0
BRH:0
end_of_record
TN:
SF:src\utils\js\merge.ts
FN:1,merge
FN:2,(anonymous_3)
FNF:2
FNH:0
FNDA:0,merge
FNDA:0,(anonymous_3)
DA:2,0
DA:8,0
LF:2
LH:0
BRF:0
BRH:0
end_of_record
TN:
SF:src\utils\reactCommon\pickFromSyntheticEvent.ts
FN:1,pickFromSyntheticEvents
FN:2,(anonymous_1)
FN:2,(anonymous_2)
FN:2,(anonymous_3)
FNF:4
FNH:0
FNDA:0,pickFromSyntheticEvents
FNDA:0,(anonymous_1)
FNDA:0,(anonymous_2)
FNDA:0,(anonymous_3)
DA:2,0
DA:4,0
DA:7,0
DA:8,0
LF:4
LH:0
BRF:0
BRH:0
end_of_record
TN:
SF:src\utils\reactCommon\preventDefault.ts
FN:4,preventDefault
FN:5,(anonymous_1)
FN:11,stopPropagation
FN:12,(anonymous_3)
FN:20,(anonymous_4)
FNF:5
FNH:0
FNDA:0,preventDefault
FNDA:0,(anonymous_1)
FNDA:0,stopPropagation
FNDA:0,(anonymous_3)
FNDA:0,(anonymous_4)
DA:2,0
DA:4,0
DA:5,0
DA:6,0
DA:7,0
DA:11,0
DA:12,0
DA:13,0
DA:14,0
DA:20,0
DA:21,0
LF:11
LH:0
BRF:0
BRH:0
end_of_record
TN:
SF:src\utils\reactCommon\withKey.ts
FN:4,withKey
FN:5,(anonymous_3)
FN:5,(anonymous_4)
FNF:3
FNH:0
FNDA:0,withKey
FNDA:0,(anonymous_3)
FNDA:0,(anonymous_4)
DA:2,0
DA:5,0
DA:9,0
DA:16,0
DA:17,0
LF:5
LH:0
BRDA:11,0,0,0
BRDA:11,0,1,0
BRF:2
BRH:0
end_of_record
